$************** ANSYS(R) SCADE Suite(R) - SCADETOC - Version 2025 R1 (build 20241115T091541) **************
** Generation date: 2025-07-10T17:27:28
** Command: scade -code "C:\Users\mbda\Documents\GitHub\SCADE_project\prova_1\Prova_1\State_machine_DO178.etp" -root State_Machine_TI::StateMachine -conf KCG
*************************************************************$
*** Generated Files Information (GENFIL): KCG- Generated files
  at file C:\Users\mbda\Documents\GitHub\SCADE_project\prova_1\Prova_1\KCG\mapping.xml, line 0, character 0
 ~mapping.xml
  at file C:\Users\mbda\Documents\GitHub\SCADE_project\prova_1\Prova_1\KCG\kcg_metrics.txt, line 0, character 0
 ~kcg_metrics.txt
  at file C:\Users\mbda\Documents\GitHub\SCADE_project\prova_1\Prova_1\KCG\StateMachine_State_Machine_TI.c, line 0, character 0
 ~StateMachine_State_Machine_TI.c
  at file C:\Users\mbda\Documents\GitHub\SCADE_project\prova_1\Prova_1\KCG\StateMachine_State_Machine_TI.h, line 0, character 0
 ~StateMachine_State_Machine_TI.h
  at file C:\Users\mbda\Documents\GitHub\SCADE_project\prova_1\Prova_1\KCG\kcg_types.h, line 0, character 0
 ~kcg_types.h
  at file C:\Users\mbda\Documents\GitHub\SCADE_project\prova_1\Prova_1\KCG\kcg_consts.h, line 0, character 0
 ~kcg_consts.h
  at file C:\Users\mbda\Documents\GitHub\SCADE_project\prova_1\Prova_1\KCG\kcg_sensors.h, line 0, character 0
 ~kcg_sensors.h
  at file C:\Users\mbda\Documents\GitHub\SCADE_project\prova_1\Prova_1\KCG\kcg_types.c, line 0, character 0
 ~kcg_types.c
  at file C:\Users\mbda\Documents\GitHub\SCADE_project\prova_1\Prova_1\KCG\kcg_consts.c, line 0, character 0
 ~kcg_consts.c
  at file C:\Users\mbda\Documents\GitHub\SCADE_project\prova_1\Prova_1\KCG\kcg_xml_filter_out.scade, line 0, character 0
 ~kcg_xml_filter_out.scade
  at file C:\Users\mbda\Documents\GitHub\SCADE_project\prova_1\Prova_1\KCG\config.txt, line 0, character 0
 ~config.txt
*** Generated Files Information (GENFIL): Code Generator Generated files
  at file C:\Users\mbda\Documents\GitHub\SCADE_project\prova_1\Prova_1\KCG\user_macros.h, line 0, character 0
 ~user_macros.h
  at file C:\Users\mbda\Documents\GitHub\SCADE_project\prova_1\Prova_1\KCG\kcg_imported_types.h, line 0, character 0
 ~kcg_imported_types.h
  at file C:\Users\mbda\Documents\GitHub\SCADE_project\prova_1\Prova_1\KCG\sc2c.log, line 0, character 0
 ~sc2c.log
  at file C:\Users\mbda\Documents\GitHub\SCADE_project\prova_1\Prova_1\KCG\sc2c_integration_files.txt, line 0, character 0
 ~sc2c_integration_files.txt
$************** ANSYS(R) SCADE Suite(R) - SCADETOC - Version 2025 R1 (build 20241115T091541) **************
** Generation date: 2025-07-10T17:27:30
** sc2c.log
*************************************************************$
